info it worked if it ends with ok
verbose cli [ 'node', '/usr/bin/npm', 'install' ]
info using npm@1.1.4
info using node@v0.6.12
verbose config file /home/werick/.npmrc
verbose config file /usr/etc/npmrc
verbose config file /usr/share/npm/npmrc
ERR! Couldn't read dependencies.
ERR! Error: No 'name' field found in package.json
ERR!     at /usr/share/npm/lib/utils/read-json.js:253:13
ERR!     at /usr/share/npm/lib/utils/read-json.js:166:33
ERR!     at P (/usr/share/npm/lib/utils/read-json.js:142:41)
ERR!     at /usr/share/npm/lib/utils/read-json.js:108:7
ERR!     at [object Object].<anonymous> (fs.js:115:5)
ERR!     at [object Object].emit (events.js:64:17)
ERR!     at afterRead (fs.js:1117:12)
ERR!     at Object.wrapper [as oncomplete] (fs.js:254:17)
ERR! You may report this log at:
ERR!     <http://bugs.debian.org/npm>
ERR! or use
ERR!     reportbug --attach /var/www/html/hivMentorship/npm-debug.log npm
ERR! 
ERR! System Linux 3.5.0-34-generic
ERR! command "node" "/usr/bin/npm" "install"
ERR! cwd /var/www/html/hivMentorship
ERR! node -v v0.6.12
ERR! npm -v 1.1.4
ERR! message No 'name' field found in package.json
verbose exit [ 1, true ]
